2025-05-20 11:58:13,559 [INFO] Received file upload: test.pptx
2025-05-20 11:58:13,560 [INFO] Found 2 slide(s) to scan
2025-05-20 11:58:13,560 [INFO] Extracted picture descriptions from test.pptx
2025-05-20 12:23:37,081 [INFO] Received file upload: test_presentation.pptx
2025-05-20 12:23:37,084 [INFO] Found 3 slide(s) to scan
2025-05-20 12:23:37,085 [INFO] Extracted picture descriptions from test_presentation.pptx
2025-05-20 12:35:15,982 [INFO] Received file upload: test.pptx
2025-05-20 12:35:15,983 [INFO] Found 2 slide(s) to scan
2025-05-20 12:35:15,984 [INFO] Extracted picture descriptions from test.pptx
2025-05-20 12:36:59,071 [INFO] Received file upload: test.pptx
2025-05-20 12:36:59,073 [INFO] Found 2 slide(s) to scan
2025-05-20 12:36:59,073 [INFO] Extracted picture descriptions from test.pptx
2025-05-20 14:04:49,059 [INFO] Received file upload: test_presentation.pptx
2025-05-20 14:04:49,064 [INFO] Found 3 slide(s) to scan
2025-05-20 14:04:49,065 [INFO] Extracted picture descriptions from test_presentation.pptx
2025-05-20 14:54:26,343 [INFO] Received file upload: test.pptx
2025-05-20 14:54:26,345 [INFO] Found 2 slide(s) to scan
2025-05-20 14:54:26,345 [INFO] Extracted picture descriptions from test.pptx
2025-05-20 14:56:26,692 [INFO] Received file upload: test_2016_m_Beschreibung.pptx
2025-05-20 14:56:26,693 [INFO] Found 1 slide(s) to scan
2025-05-20 14:56:26,694 [INFO] Extracted picture descriptions from test_2016_m_Beschreibung.pptx
2025-05-20 14:59:53,399 [INFO] Received file upload: test.pptx
2025-05-20 14:59:53,400 [INFO] Found 2 slide(s) to scan
2025-05-20 14:59:53,401 [INFO] Extracted picture descriptions from test.pptx
2025-05-20 15:00:24,123 [INFO] Received file upload: test_2016_m_Beschreibung.pptx
2025-05-20 15:00:24,123 [INFO] Found 1 slide(s) to scan
2025-05-20 15:00:24,123 [INFO] Extracted picture descriptions from test_2016_m_Beschreibung.pptx
2025-05-20 15:00:51,018 [INFO] Received file upload: test.pptx
2025-05-20 15:00:51,018 [INFO] Found 2 slide(s) to scan
2025-05-20 15:00:51,019 [INFO] Extracted picture descriptions from test.pptx
2025-05-20 15:12:18,240 [INFO] Received file upload: test_presentation.pptx
2025-05-20 15:12:18,243 [INFO] Found 3 slide(s) to scan
2025-05-20 15:12:18,244 [INFO] Extracted picture descriptions from test_presentation.pptx
2025-05-20 15:26:01,185 [INFO] Received file upload: test.pptx
2025-05-20 15:26:01,186 [INFO] Found 2 slide(s) to scan
2025-05-20 15:26:01,186 [INFO] Extracted picture descriptions from test.pptx
2025-05-20 15:26:10,444 [INFO] Received file upload: test_2016_m_Beschreibung.pptx
2025-05-20 15:26:10,444 [INFO] Found 1 slide(s) to scan
2025-05-20 15:26:10,444 [INFO] Extracted picture descriptions from test_2016_m_Beschreibung.pptx
2025-05-20 15:26:15,130 [INFO] Received file upload: test_presentation.pptx
2025-05-20 15:26:15,133 [INFO] Found 3 slide(s) to scan
2025-05-20 15:26:15,134 [INFO] Extracted picture descriptions from test_presentation.pptx
2025-05-20 15:26:39,596 [INFO] Received file upload: test.pptx
2025-05-20 15:26:39,597 [INFO] Found 2 slide(s) to scan
2025-05-20 15:26:39,597 [INFO] Extracted picture descriptions from test.pptx
2025-05-20 15:33:41,248 [INFO] Received file upload: test.pptx
2025-05-20 15:33:41,249 [INFO] Found 2 slide(s) to scan
2025-05-20 15:33:41,250 [INFO] Extracted picture descriptions from test.pptx
2025-05-20 15:33:48,810 [INFO] Received file upload: test_presentation.pptx
2025-05-20 15:33:48,812 [INFO] Found 3 slide(s) to scan
2025-05-20 15:33:48,813 [INFO] Extracted picture descriptions from test_presentation.pptx
2025-05-20 15:34:09,829 [INFO] Received file upload: test_presentation.pptx
2025-05-20 15:34:09,831 [INFO] Found 3 slide(s) to scan
2025-05-20 15:34:09,832 [INFO] Extracted picture descriptions from test_presentation.pptx
2025-05-20 16:24:53,849 [INFO] Received file upload: test_presentation.pptx
2025-05-20 16:24:53,852 [INFO] Found 3 slide(s) to scan
2025-05-20 16:24:53,853 [INFO] Extracted picture descriptions from test_presentation.pptx
2025-05-20 16:25:29,536 [INFO] Received file upload: test.pptx
2025-05-20 16:25:29,537 [INFO] Found 2 slide(s) to scan
2025-05-20 16:25:29,538 [INFO] Extracted picture descriptions from test.pptx
2025-05-21 10:49:43,926 [INFO] Received file upload: test_presentation.pptx
2025-05-21 10:49:43,931 [INFO] Found 3 slide(s) to scan
2025-05-21 10:49:43,935 [INFO] Extracted picture descriptions from test_presentation.pptx
2025-05-21 11:20:05,918 [INFO] Received file upload: test.pptx
2025-05-21 11:20:05,920 [INFO] Found 2 slide(s) to scan
2025-05-21 11:20:05,920 [INFO] Extracted picture descriptions from test.pptx
2025-05-21 13:31:50,358 [INFO] Received file upload: test_presentation.pptx
2025-05-21 13:31:50,362 [INFO] Found 3 slide(s) to scan
2025-05-21 13:31:50,364 [INFO] Extracted picture descriptions from test_presentation.pptx
2025-05-21 13:31:59,832 [INFO] Received file upload: test_2016_m_Beschreibung.pptx
2025-05-21 13:31:59,833 [INFO] Found 1 slide(s) to scan
2025-05-21 13:31:59,833 [INFO] Extracted picture descriptions from test_2016_m_Beschreibung.pptx
2025-05-21 13:32:09,982 [INFO] Received file upload: test.pptx
2025-05-21 13:32:09,983 [INFO] Found 2 slide(s) to scan
2025-05-21 13:32:09,983 [INFO] Extracted picture descriptions from test.pptx
2025-05-21 14:11:56,978 [INFO] Received file upload: test_presentation.pptx
2025-05-21 14:11:56,981 [INFO] Found 3 slide(s) to scan
2025-05-21 14:11:56,982 [INFO] Extracted picture descriptions from test_presentation.pptx
2025-05-21 14:12:13,286 [INFO] Received file upload: test.pptx
2025-05-21 14:12:13,287 [INFO] Found 2 slide(s) to scan
2025-05-21 14:12:13,287 [INFO] Extracted picture descriptions from test.pptx
2025-05-21 14:28:16,913 [INFO] Received file upload: test_2016_m_Beschreibung.pptx
2025-05-21 14:28:16,914 [INFO] Found 1 slide(s) to scan
2025-05-21 14:28:16,915 [INFO] Extracted picture descriptions from test_2016_m_Beschreibung.pptx
2025-05-21 14:29:55,714 [INFO] Received file upload: test_presentation.pptx
2025-05-21 14:29:55,717 [INFO] Found 3 slide(s) to scan
2025-05-21 14:29:55,718 [INFO] Extracted picture descriptions from test_presentation.pptx
2025-05-21 14:30:05,980 [INFO] Received file upload: test_2016_m_Beschreibung.pptx
2025-05-21 14:30:05,980 [INFO] Found 1 slide(s) to scan
2025-05-21 14:30:05,980 [INFO] Extracted picture descriptions from test_2016_m_Beschreibung.pptx
2025-05-21 14:30:16,034 [INFO] Received file upload: test_2016_m_Beschreibung.pptx
2025-05-21 14:30:16,034 [INFO] Found 1 slide(s) to scan
2025-05-21 14:30:16,035 [INFO] Extracted picture descriptions from test_2016_m_Beschreibung.pptx
2025-05-21 14:30:55,579 [INFO] Received file upload: test_presentation.pptx
2025-05-21 14:30:55,582 [INFO] Found 3 slide(s) to scan
2025-05-21 14:30:55,583 [INFO] Extracted picture descriptions from test_presentation.pptx
2025-05-21 14:33:45,266 [INFO] Received file upload: test_2016_m_Beschreibung.pptx
2025-05-21 14:33:45,267 [INFO] Found 1 slide(s) to scan
2025-05-21 14:33:45,268 [INFO] Extracted picture descriptions from test_2016_m_Beschreibung.pptx
2025-05-21 14:33:50,286 [INFO] Received file upload: test_presentation.pptx
2025-05-21 14:33:50,288 [INFO] Found 3 slide(s) to scan
2025-05-21 14:33:50,289 [INFO] Extracted picture descriptions from test_presentation.pptx
2025-05-21 16:52:01,902 [INFO] Received file upload: test_presentation.pptx
2025-05-21 16:52:01,905 [INFO] Found 3 slide(s) to scan
2025-05-21 16:52:01,906 [INFO] Extracted picture descriptions from test_presentation.pptx
2025-05-21 16:52:12,449 [INFO] Received file upload: test_2016_m_Beschreibung.pptx
2025-05-21 16:52:12,450 [INFO] Found 1 slide(s) to scan
2025-05-21 16:52:12,450 [INFO] Extracted picture descriptions from test_2016_m_Beschreibung.pptx
2025-05-26 12:49:58,302 [INFO] Received file upload: test_presentation.pptx
2025-05-26 12:49:58,307 [INFO] Found 3 slide(s) to scan
2025-05-26 12:49:58,309 [INFO] Extracted picture descriptions from test_presentation.pptx
2025-05-26 12:50:34,008 [INFO] Received file upload: test.pptx
2025-05-26 12:50:34,009 [INFO] Found 2 slide(s) to scan
2025-05-26 12:50:34,009 [INFO] Extracted picture descriptions from test.pptx
2025-05-26 12:50:39,331 [INFO] Received file upload: test_2016_m_Beschreibung.pptx
2025-05-26 12:50:39,331 [INFO] Found 1 slide(s) to scan
2025-05-26 12:50:39,332 [INFO] Extracted picture descriptions from test_2016_m_Beschreibung.pptx
2025-05-26 12:50:46,288 [INFO] Received file upload: test.pptx
2025-05-26 12:50:46,288 [INFO] Found 2 slide(s) to scan
2025-05-26 12:50:46,289 [INFO] Extracted picture descriptions from test.pptx
2025-05-26 13:37:25,469 [INFO] Received file upload: test.pptx
2025-05-26 13:37:25,470 [INFO] Found 2 slide(s) to scan
2025-05-26 13:37:25,471 [INFO] Extracted picture descriptions from test.pptx
2025-05-27 13:39:43,482 [INFO] Received file upload: test.pptx
2025-05-27 13:39:43,486 [INFO] Found 2 slide(s) to scan
2025-05-27 13:39:43,486 [INFO] Extracted picture descriptions from test.pptx
2025-05-27 13:40:16,442 [INFO] Received file upload: test.pptx
2025-05-27 13:40:16,442 [INFO] Found 2 slide(s) to scan
2025-05-27 13:40:16,443 [INFO] Extracted picture descriptions from test.pptx
2025-05-27 13:45:39,418 [INFO] Received file upload: test.pptx
2025-05-27 13:45:39,420 [INFO] Found 2 slide(s) to scan
2025-05-27 13:45:39,420 [INFO] Extracted picture descriptions from test.pptx
2025-05-27 14:20:24,986 [INFO] Received file upload: Übergabe_Andreas_Bühlmeier_2022-09-12.pptx
2025-05-27 14:20:24,993 [INFO] Found 93 slide(s) to scan
2025-05-27 14:20:25,044 [INFO] Extracted picture descriptions from Übergabe_Andreas_Bühlmeier_2022-09-12.pptx
2025-05-27 14:21:27,565 [INFO] Received file upload: False_Positives_RL001_2022-03-30.pptx
2025-05-27 14:21:27,566 [INFO] Found 11 slide(s) to scan
2025-05-27 14:21:27,570 [INFO] Extracted picture descriptions from False_Positives_RL001_2022-03-30.pptx
2025-05-27 14:22:28,442 [INFO] Received file upload: Gen_AI_Buehlmeier_2024_11_17_not_saving_fonts.pptx
2025-05-27 14:22:28,447 [INFO] Found 57 slide(s) to scan
2025-05-27 14:22:28,474 [INFO] Extracted picture descriptions from Gen_AI_Buehlmeier_2024_11_17_not_saving_fonts.pptx
2025-05-27 15:59:13,399 [INFO] Received file upload: Robots_Pics_b.pptx
2025-05-27 15:59:13,401 [INFO] Found 2 slide(s) to scan
2025-05-27 15:59:13,401 [INFO] Extracted picture descriptions from Robots_Pics_b.pptx
2025-05-27 16:21:47,462 [INFO] Received file upload: Robots_Pics.pptx
2025-05-27 16:21:47,463 [INFO] Found 2 slide(s) to scan
2025-05-27 16:21:47,464 [INFO] Extracted picture descriptions from Robots_Pics.pptx
2025-05-27 16:22:26,312 [INFO] Received file upload: Robots_Pics_b.pptx
2025-05-27 16:22:26,313 [INFO] Found 2 slide(s) to scan
2025-05-27 16:22:26,313 [INFO] Extracted picture descriptions from Robots_Pics_b.pptx
